running egg_info
creating ../../build/cards_pypkg/cards_pypkg.egg-info
writing ../../build/cards_pypkg/cards_pypkg.egg-info/PKG-INFO
writing dependency_links to ../../build/cards_pypkg/cards_pypkg.egg-info/dependency_links.txt
writing entry points to ../../build/cards_pypkg/cards_pypkg.egg-info/entry_points.txt
writing requirements to ../../build/cards_pypkg/cards_pypkg.egg-info/requires.txt
writing top-level names to ../../build/cards_pypkg/cards_pypkg.egg-info/top_level.txt
writing manifest file '../../build/cards_pypkg/cards_pypkg.egg-info/SOURCES.txt'
reading manifest file '../../build/cards_pypkg/cards_pypkg.egg-info/SOURCES.txt'
writing manifest file '../../build/cards_pypkg/cards_pypkg.egg-info/SOURCES.txt'
running build
running build_py
creating /home/user/ros2_ws/build/cards_pypkg/build
creating /home/user/ros2_ws/build/cards_pypkg/build/lib
creating /home/user/ros2_ws/build/cards_pypkg/build/lib/cards_pypkg
copying cards_pypkg/DEALER.py -> /home/user/ros2_ws/build/cards_pypkg/build/lib/cards_pypkg
copying cards_pypkg/cards.py -> /home/user/ros2_ws/build/cards_pypkg/build/lib/cards_pypkg
copying cards_pypkg/PLAYER.py -> /home/user/ros2_ws/build/cards_pypkg/build/lib/cards_pypkg
copying cards_pypkg/__init__.py -> /home/user/ros2_ws/build/cards_pypkg/build/lib/cards_pypkg
running install
running install_lib
creating /home/user/ros2_ws/install/cards_pypkg/lib/python3.8/site-packages/cards_pypkg
copying /home/user/ros2_ws/build/cards_pypkg/build/lib/cards_pypkg/DEALER.py -> /home/user/ros2_ws/install/cards_pypkg/lib/python3.8/site-packages/cards_pypkg
copying /home/user/ros2_ws/build/cards_pypkg/build/lib/cards_pypkg/cards.py -> /home/user/ros2_ws/install/cards_pypkg/lib/python3.8/site-packages/cards_pypkg
copying /home/user/ros2_ws/build/cards_pypkg/build/lib/cards_pypkg/PLAYER.py -> /home/user/ros2_ws/install/cards_pypkg/lib/python3.8/site-packages/cards_pypkg
copying /home/user/ros2_ws/build/cards_pypkg/build/lib/cards_pypkg/__init__.py -> /home/user/ros2_ws/install/cards_pypkg/lib/python3.8/site-packages/cards_pypkg
byte-compiling /home/user/ros2_ws/install/cards_pypkg/lib/python3.8/site-packages/cards_pypkg/DEALER.py to DEALER.cpython-38.pyc
byte-compiling /home/user/ros2_ws/install/cards_pypkg/lib/python3.8/site-packages/cards_pypkg/cards.py to cards.cpython-38.pyc
byte-compiling /home/user/ros2_ws/install/cards_pypkg/lib/python3.8/site-packages/cards_pypkg/PLAYER.py to PLAYER.cpython-38.pyc
byte-compiling /home/user/ros2_ws/install/cards_pypkg/lib/python3.8/site-packages/cards_pypkg/__init__.py to __init__.cpython-38.pyc
running install_data
creating /home/user/ros2_ws/install/cards_pypkg/share/ament_index
creating /home/user/ros2_ws/install/cards_pypkg/share/ament_index/resource_index
creating /home/user/ros2_ws/install/cards_pypkg/share/ament_index/resource_index/packages
copying resource/cards_pypkg -> /home/user/ros2_ws/install/cards_pypkg/share/ament_index/resource_index/packages
copying package.xml -> /home/user/ros2_ws/install/cards_pypkg/share/cards_pypkg
running install_egg_info
Copying ../../build/cards_pypkg/cards_pypkg.egg-info to /home/user/ros2_ws/install/cards_pypkg/lib/python3.8/site-packages/cards_pypkg-0.0.0-py3.8.egg-info
running install_scripts
Installing dealer script to /home/user/ros2_ws/install/cards_pypkg/lib/cards_pypkg
Installing player script to /home/user/ros2_ws/install/cards_pypkg/lib/cards_pypkg
writing list of installed files to '/home/user/ros2_ws/build/cards_pypkg/install.log'
